<?xml version="1.0" encoding="UTF-8"?>
<!-- Generated by org.testng.reporters.JUnitReportReporter -->
<testsuite skipped="0" hostname="PATRALTOP-53" name="Runner.TestRunner" tests="1" failures="0" timestamp="14 May 2019 07:07:49 GMT" time="538.820" errors="0">
  <testcase name="feature" time="538.820" classname="Runner.TestRunner"/>
</testsuite> <!-- Runner.TestRunner -->
